Sending build context to Docker daemon  22.02kB
Step 1/20 : FROM rocker/rstudio:3.6.1
 ---> 88cd344dad13
Step 2/20 : ENV DEBIAN_FRONTEND noninteractive
 ---> Using cache
 ---> f3ed220c4a50
Step 3/20 : ENV LANG en_US.UTF-8
 ---> Using cache
 ---> 929a0393b509
Step 4/20 : ENV LANGUAGE en_US:en
 ---> Using cache
 ---> 7191b9f21c22
Step 5/20 : ENV LC_ALL en_US.UTF-8
 ---> Using cache
 ---> 8a37f2e54670
Step 6/20 : RUN apt-get --quiet update --yes  && apt-get --quiet upgrade --yes  && apt-get --quiet install --yes     python-dev     python-pip     python3-dev     python3-pip     python3-tk     pandoc     libcurl4-openssl-dev     libssl-dev     libcairo2-dev     libxt-dev     libxml2-dev     libudunits2-dev     libhdf5-dev     libv8-dev     libgdal-dev     xorg     libx11-dev     libglu1-mesa-dev     libboost-all-dev     libgsl-dev     libbz2-dev     less  && rm -rf /var/lib/apt/lists/*
 ---> Using cache
 ---> 68283b6dc6cb
Step 7/20 : RUN cd /  && wget --quiet https://repo.anaconda.com/miniconda/Miniconda3-latest-Linux-x86_64.sh  && bash Miniconda3-latest-Linux-x86_64.sh -b -p /miniconda3
 ---> Using cache
 ---> 77f46af6cbc1
Step 8/20 : ENV PATH "$PATH:/miniconda3/bin"
 ---> Using cache
 ---> 5b0b1e07acdf
Step 9/20 : RUN update-alternatives --install /usr/bin/python python /usr/bin/python2.7 1  && update-alternatives --install /usr/bin/python3 python3 /miniconda3/bin/python3.7 2  && python --version  && python3 --version  && rm /usr/bin/lsb_release
 ---> Using cache
 ---> 3e5720a26d84
Step 10/20 : RUN conda install --quiet --yes -c bioconda    bedtools    deeptools    samtools
 ---> Using cache
 ---> b57b5acc961e
Step 11/20 : RUN python3 -m pip install    click    Cython    dca    fa2    "gast==0.2.2"    h5py    leidenalg    louvain    numba    numpy    "networkx==2.2"    numpydoc    "matplotlib>=3.0,<3.1"    pandas    phate    pysam    python-igraph    scanpy    scikit-learn    scipy    snaptools    tensorflow    umap-learn    jupyter
 ---> Using cache
 ---> 75e054696c62
Step 12/20 : RUN python3 -m pip install    velocyto    scvelo
 ---> Using cache
 ---> 9cbf9b38f669
Step 13/20 : ADD https://github.com/romanhaa/docker_containers/archive/master.tar.gz /docker/


 ---> Using cache
 ---> 3abfdceab61c
Step 14/20 : RUN tar -xvzf /docker/master.tar.gz -C /docker
 ---> Using cache
 ---> 2110559590de
Step 15/20 : RUN Rscript -e 'install.packages("BiocManager", repos = "http://cran.us.r-project.org")'
 ---> Using cache
 ---> 8730fa807f80
Step 16/20 : RUN Rscript /docker/docker_containers-master/Rstudio/packages_utility.R
 ---> Using cache
 ---> a96ad5f64034
Step 17/20 : RUN Rscript /docker/docker_containers-master/Rstudio/packages_plotting.R
 ---> Running in 25a7d6d97ac9
[91m[2019-12-05 09:27:19] 'alluvial' will be installed.
[0m[91mBioconductor version 3.10 (BiocManager 1.30.10), R 3.6.1 (2019-07-05)
[0m[91mInstalling package(s) 'alluvial'
[0m[91mOld packages: 'multicool'
[0m[91mtrying URL 'https://cran.rstudio.com/src/contrib/multicool_0.1-11.tar.gz'
[0m[91mContent type 'application/x-gzip' length 14708 bytes (14 KB)
================================================[0m[91m==[0m[91m
downloaded 14 KB

[0m[91m* installing *source* package ‘multicool’ ...
[0m[91m** package ‘multicool’ successfully unpacked and MD5 sums checked
[0m[91m** using staged installation
[0m[91m** libs
[0mg++ -std=gnu++11 -I"/usr/local/lib/R/include" -DNDEBUG  -I"/usr/local/lib/R/site-library/Rcpp/include" -I/usr/local/include  -fpic  -g -O2 -fstack-protector-strong -Wformat -Werror=format-security -Wdate-time -D_FORTIFY_SOURCE=2 -g  -c RcppExports.cpp -o RcppExports.o
g++ -std=gnu++11 -I"/usr/local/lib/R/include" -DNDEBUG  -I"/usr/local/lib/R/site-library/Rcpp/include" -I/usr/local/include  -fpic  -g -O2 -fstack-protector-strong -Wformat -Werror=format-security -Wdate-time -D_FORTIFY_SOURCE=2 -g  -c compositions.cpp -o compositions.o
g++ -std=gnu++11 -I"/usr/local/lib/R/include" -DNDEBUG  -I"/usr/local/lib/R/site-library/Rcpp/include" -I/usr/local/include  -fpic  -g -O2 -fstack-protector-strong -Wformat -Werror=format-security -Wdate-time -D_FORTIFY_SOURCE=2 -g  -c multicool.cpp -o multicool.o
g++ -std=gnu++11 -shared -L/usr/local/lib/R/lib -L/usr/local/lib -o multicool.so RcppExports.o compositions.o multicool.o -L/usr/local/lib/R/lib -lR
[91minstalling to /usr/local/lib/R/site-library/00LOCK-multicool/00new/multicool/libs
[0m[91m** R
[0m[91m** byte-compile and prepare package for lazy loading
[0m[91m** help
[0m[91m*** installing help indices
[0m[91m** building package indices
[0m[91m** testing if installed package can be loaded from temporary location
[0m[91m** checking absolute paths in shared objects and dynamic libraries
[0m[91m** testing if installed package can be loaded from final location
[0m[91m** testing if installed package keeps a record of temporary installation path
[0m[91m* DONE (multicool)
[0m[91m
The downloaded source packages are in
	‘/tmp/RtmpYBdYqg/downloaded_packages’
[0m[91m[2019-12-05 09:27:39] 'alluvial' successfully installed.
[0m[91m[2019-12-05 09:27:39] 'beeswarm' will be installed.
[0m[91mBioconductor version 3.10 (BiocManager 1.30.10), R 3.6.1 (2019-07-05)
[0m[91mInstalling package(s) 'beeswarm'
[0m[91m[2019-12-05 09:27:42] 'beeswarm' successfully installed.
[0m[91m[2019-12-05 09:27:43] 'circlize' will be installed.
[0m[91mBioconductor version 3.10 (BiocManager 1.30.10), R 3.6.1 (2019-07-05)
[0m[91mInstalling package(s) 'circlize'
[0m[91malso installing the dependencies ‘GlobalOptions’, ‘shape’

[0m[91m[2019-12-05 09:27:53] 'circlize' successfully installed.
[0m[91m[2019-12-05 09:27:54] 'ComplexHeatmap' will be installed.
[0m[91mBioconductor version 3.10 (BiocManager 1.30.10), R 3.6.1 (2019-07-05)
[0m[91mInstalling package(s) 'ComplexHeatmap'
[0m[91malso installing the dependencies ‘rjson’, ‘GetoptLong’, ‘png’

[0m[91m[2019-12-05 09:28:10] 'ComplexHeatmap' successfully installed.
[0m[91m[2019-12-05 09:28:10] 'cowplot' will be installed.
[0m[91mBioconductor version 3.10 (BiocManager 1.30.10), R 3.6.1 (2019-07-05)
[0m[91mInstalling package(s) 'cowplot'
[0m[91m[2019-12-05 09:28:15] 'cowplot' successfully installed.
[0m[91m[2019-12-05 09:28:15] 'ggalluvial' will be installed.
[0m[91mBioconductor version 3.10 (BiocManager 1.30.10), R 3.6.1 (2019-07-05)
[0m[91mInstalling package(s) 'ggalluvial'
[0m[91m[2019-12-05 09:28:20] 'ggalluvial' successfully installed.
[0m[91m[2019-12-05 09:28:20] 'gganimate' will be installed.
[0m[91mBioconductor version 3.10 (BiocManager 1.30.10), R 3.6.1 (2019-07-05)
[0m[91mInstalling package(s) 'gganimate'
[0m[91malso installing the dependency ‘tweenr’

[0m[91m[2019-12-05 09:28:39] 'gganimate' successfully installed.
[0m[91m[2019-12-05 09:28:39] 'ggbeeswarm' will be installed.
[0m[91mBioconductor version 3.10 (BiocManager 1.30.10), R 3.6.1 (2019-07-05)
[0m[91mInstalling package(s) 'ggbeeswarm'
[0m[91malso installing the dependency ‘vipor’

[0m[91m[2019-12-05 09:28:46] 'ggbeeswarm' successfully installed.
[0m[91m[2019-12-05 09:28:46] 'ggbio' will be installed.
[0m[91mBioconductor version 3.10 (BiocManager 1.30.10), R 3.6.1 (2019-07-05)
[0m[91mInstalling package(s) 'ggbio'
[0m[91malso installing the dependencies ‘formatR’, ‘lambda.r’, ‘futile.options’, ‘checkmate’, ‘futile.logger’, ‘snow’, ‘blob’, ‘BiocFileCache’, ‘rappdirs’, ‘Formula’, ‘acepack’, ‘htmlTable’, ‘dichromat’, ‘GenomeInfoDbData’, ‘XVector’, ‘DelayedArray’, ‘BiocParallel’, ‘Rhtslib’, ‘RSQLite’, ‘biomaRt’, ‘reshape’, ‘ProtGenerics’, ‘Hmisc’, ‘biovizBase’, ‘S4Vectors’, ‘IRanges’, ‘GenomeInfoDb’, ‘GenomicRanges’, ‘SummarizedExperiment’, ‘Biostrings’, ‘Rsamtools’, ‘GenomicAlignments’, ‘BSgenome’, ‘VariantAnnotation’, ‘rtracklayer’, ‘GenomicFeatures’, ‘OrganismDbi’, ‘GGally’, ‘ensembldb’, ‘AnnotationDbi’, ‘AnnotationFilter’

[0m[91m[2019-12-05 09:39:36] 'ggbio' successfully installed.
[0m[91m[2019-12-05 09:39:36] 'ggdendro' will be installed.
[0m[91mBioconductor version 3.10 (BiocManager 1.30.10), R 3.6.1 (2019-07-05)
[0m[91mInstalling package(s) 'ggdendro'
[0m[91m[2019-12-05 09:39:41] 'ggdendro' successfully installed.
[0m[91m[2019-12-05 09:39:41] 'ggExtra' will be installed.
[0m[91mBioconductor version 3.10 (BiocManager 1.30.10), R 3.6.1 (2019-07-05)
[0m[91mInstalling package(s) 'ggExtra'
[0m[91malso installing the dependencies ‘colourpicker’, ‘miniUI’

[0m[91m[2019-12-05 09:39:50] 'ggExtra' successfully installed.
[0m[91m[2019-12-05 09:39:50] 'ggforce' will be installed.
[0m[91mBioconductor version 3.10 (BiocManager 1.30.10), R 3.6.1 (2019-07-05)
[0m[91mInstalling package(s) 'ggforce'
[0m[91malso installing the dependency ‘polyclip’

[0m[91m[2019-12-05 09:40:44] 'ggforce' successfully installed.
[0m[91m[2019-12-05 09:40:44] 'ggpubr' will be installed.
[0m[91mBioconductor version 3.10 (BiocManager 1.30.10), R 3.6.1 (2019-07-05)
[0m[91mInstalling package(s) 'ggpubr'
[0m[91malso installing the dependencies ‘ggsci’, ‘ggsignif’, ‘polynom’

[0m[91m[2019-12-05 09:40:57] 'ggpubr' successfully installed.
[0m[91m[2019-12-05 09:40:57] 'ggraph' will be installed.
[0m[91mBioconductor version 3.10 (BiocManager 1.30.10), R 3.6.1 (2019-07-05)
[0m[91mInstalling package(s) 'ggraph'
[0m[91malso installing the dependencies ‘tidygraph’, ‘graphlayouts’

[0m[91m[2019-12-05 09:42:02] 'ggraph' successfully installed.
[0m[91m[2019-12-05 09:42:02] 'ggrepel' already installed.
[0m[91m[2019-12-05 09:42:02] 'ggridges' will be installed.
[0m[91mBioconductor version 3.10 (BiocManager 1.30.10), R 3.6.1 (2019-07-05)
[0m[91mInstalling package(s) 'ggridges'
[0m[91m[2019-12-05 09:42:07] 'ggridges' successfully installed.
[0m[91m[2019-12-05 09:42:07] 'ggsignif' already installed.
[0m[91m[2019-12-05 09:42:07] 'patchwork' will be installed.
[0m[91mBioconductor version 3.10 (BiocManager 1.30.10), R 3.6.1 (2019-07-05)
[0m[91mInstalling package(s) 'patchwork'
[0m[91m[2019-12-05 09:42:12] 'patchwork' successfully installed.
[0m[91m[2019-12-05 09:42:12] 'pheatmap' will be installed.
[0m[91mBioconductor version 3.10 (BiocManager 1.30.10), R 3.6.1 (2019-07-05)
[0m[91mInstalling package(s) 'pheatmap'
[0m[91m[2019-12-05 09:42:15] 'pheatmap' successfully installed.
[0m[91m[2019-12-05 09:42:15] 'plotly' will be installed.
[0m[91mBioconductor version 3.10 (BiocManager 1.30.10), R 3.6.1 (2019-07-05)
[0m[91mInstalling package(s) 'plotly'
[0m[91m[2019-12-05 09:42:24] 'plotly' successfully installed.
[0m[91m[2019-12-05 09:42:24] 'RColorBrewer' already installed.
[0m[91m[2019-12-05 09:42:24] 'VennDiagram' will be installed.
[0m[91mBioconductor version 3.10 (BiocManager 1.30.10), R 3.6.1 (2019-07-05)
[0m[91mInstalling package(s) 'VennDiagram'
[0m[91m[2019-12-05 09:42:30] 'VennDiagram' successfully installed.
[0m[91m[2019-12-05 09:42:30] 'viridis' already installed.
[0m[91m[2019-12-05 09:42:30] 'erocoar/gghalves' will be installed.
[0m[91mBioconductor version 3.10 (BiocManager 1.30.10), R 3.6.1 (2019-07-05)
[0m[91mInstalling github package(s) 'erocoar/gghalves'
[0m[91m[2019-12-05 09:42:38] 'erocoar/gghalves' successfully installed.
[0mRemoving intermediate container 25a7d6d97ac9
 ---> 23808217cc96
Step 18/20 : RUN Rscript /docker/docker_containers-master/Rstudio/packages_compbio.R
 ---> Running in 19d19f891e26
[91m[2019-12-05 09:42:41] 'biomaRt' already installed.
[0m[91m[2019-12-05 09:42:41] 'ChIPseeker' will be installed.
[0m[91mBioconductor version 3.10 (BiocManager 1.30.10), R 3.6.1 (2019-07-05)
[0m[91mInstalling package(s) 'ChIPseeker'
[0m[91malso installing the dependencies ‘fastmatch’, ‘triebeard’, ‘DO.db’, ‘fgsea’, ‘qvalue’, ‘urltools’, ‘gridGraphics’, ‘rvcheck’, ‘GO.db’, ‘DOSE’, ‘europepmc’, ‘ggplotify’, ‘GOSemSim’, ‘gdata’, ‘caTools’, ‘enrichplot’, ‘gplots’, ‘plotrix’, ‘TxDb.Hsapiens.UCSC.hg19.knownGene’

[0m[91m[2019-12-05 09:46:07] 'ChIPseeker' successfully installed.
[0m[91m[2019-12-05 09:46:07] 'clusterProfiler' will be installed.
[0m[91mBioconductor version 3.10 (BiocManager 1.30.10), R 3.6.1 (2019-07-05)
[0m[91mInstalling package(s) 'clusterProfiler'
[0m[91m[2019-12-05 09:46:20] 'clusterProfiler' successfully installed.
[0m[91m[2019-12-05 09:46:20] 'DelayedArray' already installed.
[0m[91m[2019-12-05 09:46:20] 'DelayedMatrixStats' will be installed.
[0m[91mBioconductor version 3.10 (BiocManager 1.30.10), R 3.6.1 (2019-07-05)
[0m[91mInstalling package(s) 'DelayedMatrixStats'
[0m[91malso installing the dependencies ‘rhdf5’, ‘HDF5Array’

[0m[91m[2019-12-05 09:46:50] 'DelayedMatrixStats' successfully installed.
[0m[91m[2019-12-05 09:46:50] 'DiffBind' will be installed.
[0m[91mBioconductor version 3.10 (BiocManager 1.30.10), R 3.6.1 (2019-07-05)
[0m[91mInstalling package(s) 'DiffBind'
[0m[91malso installing the dependencies ‘GSEABase’, ‘hwriter’, ‘Category’, ‘AnnotationForge’, ‘base64url’, ‘ShortRead’, ‘GOstats’, ‘annotate’, ‘batchtools’, ‘genefilter’, ‘geneplotter’, ‘amap’, ‘edgeR’, ‘limma’, ‘locfit’, ‘systemPipeR’, ‘DESeq2’

[0m[91m[2019-12-05 09:52:10] 'DiffBind' successfully installed.
[0m[91m[2019-12-05 09:52:10] 'enrichR' will be installed.
[0m[91mBioconductor version 3.10 (BiocManager 1.30.10), R 3.6.1 (2019-07-05)
[0m[91mInstalling package(s) 'enrichR'
[0m[91m[2019-12-05 09:52:13] 'enrichR' successfully installed.
[0m[91m[2019-12-05 09:52:13] 'GenomicFeatures' already installed.
[0m[91m[2019-12-05 09:52:14] 'GenomicRanges' already installed.
[0m[91m[2019-12-05 09:52:14] 'gProfileR' will be installed.
[0m[91mBioconductor version 3.10 (BiocManager 1.30.10), R 3.6.1 (2019-07-05)
[0m[91mInstalling package(s) 'gProfileR'
[0m[91m[2019-12-05 09:52:16] 'gProfileR' successfully installed.
[0m[91m[2019-12-05 09:52:17] 'gprofiler2' will be installed.
[0m[91mBioconductor version 3.10 (BiocManager 1.30.10), R 3.6.1 (2019-07-05)
[0m[91mInstalling package(s) 'gprofiler2'
[0m[91m[2019-12-05 09:52:22] 'gprofiler2' successfully installed.
[0m[91m[2019-12-05 09:52:22] 'msigdbr' will be installed.
[0m[91mBioconductor version 3.10 (BiocManager 1.30.10), R 3.6.1 (2019-07-05)
[0m[91mInstalling package(s) 'msigdbr'
[0m[91m[2019-12-05 09:52:46] 'msigdbr' successfully installed.
[0m[91m[2019-12-05 09:52:46] 'org.Hs.eg.db' will be installed.
[0m[91mBioconductor version 3.10 (BiocManager 1.30.10), R 3.6.1 (2019-07-05)
[0m[91mInstalling package(s) 'org.Hs.eg.db'
[0m[91m[2019-12-05 09:53:13] 'org.Hs.eg.db' successfully installed.
[0m[91m[2019-12-05 09:53:13] 'org.Mm.eg.db' will be installed.
[0m[91mBioconductor version 3.10 (BiocManager 1.30.10), R 3.6.1 (2019-07-05)
[0m[91mInstalling package(s) 'org.Mm.eg.db'
[0m[91m[2019-12-05 09:53:37] 'org.Mm.eg.db' successfully installed.
[0m[91m[2019-12-05 09:53:37] 'rGREAT' will be installed.
[0m[91mBioconductor version 3.10 (BiocManager 1.30.10), R 3.6.1 (2019-07-05)
[0m[91mInstalling package(s) 'rGREAT'
[0m[91m[2019-12-05 09:53:46] 'rGREAT' successfully installed.
[0m[91m[2019-12-05 09:53:46] 'Rmagic' will be installed.
[0m[91mBioconductor version 3.10 (BiocManager 1.30.10), R 3.6.1 (2019-07-05)
[0m[91mInstalling package(s) 'Rmagic'
[0m[91m[2019-12-05 09:53:54] 'Rmagic' successfully installed.
[0m[91m[2019-12-05 09:53:54] 'Rsamtools' already installed.
[0m[91m[2019-12-05 09:53:54] 'Rsubread' will be installed.
[0m[91mBioconductor version 3.10 (BiocManager 1.30.10), R 3.6.1 (2019-07-05)
[0m[91mInstalling package(s) 'Rsubread'
[0m[91m[2019-12-05 09:54:15] 'Rsubread' successfully installed.
[0m[91m[2019-12-05 09:54:15] 'topGO' will be installed.
[0m[91mBioconductor version 3.10 (BiocManager 1.30.10), R 3.6.1 (2019-07-05)
[0m[91mInstalling package(s) 'topGO'
[0m[91malso installing the dependency ‘SparseM’

[0m[91m[2019-12-05 09:54:33] 'topGO' successfully installed.
[0m[91m[2019-12-05 09:54:33] 'TSCAN' will be installed.
[0m[91mBioconductor version 3.10 (BiocManager 1.30.10), R 3.6.1 (2019-07-05)
[0m[91mInstalling package(s) 'TSCAN'
[0m[91malso installing the dependencies ‘fastICA’, ‘combinat’

[0m[91m[2019-12-05 09:54:42] 'TSCAN' successfully installed.
[0m[91m[2019-12-05 09:54:43] 'TxDb.Hsapiens.UCSC.hg19.knownGene' already installed.
[0m[91m[2019-12-05 09:54:43] 'tximport' will be installed.
[0m[91mBioconductor version 3.10 (BiocManager 1.30.10), R 3.6.1 (2019-07-05)
[0m[91mInstalling package(s) 'tximport'
[0m[91m[2019-12-05 09:54:46] 'tximport' successfully installed.
[0mRemoving intermediate container 19d19f891e26
 ---> b3beaf6fb7ff
Step 19/20 : RUN Rscript /docker/docker_containers-master/Rstudio/packages_single_cell.R
 ---> Running in e6eddfb8c550
[91m[2019-12-05 09:54:55] 'batchelor' will be installed.
[0m[91mBioconductor version 3.10 (BiocManager 1.30.10), R 3.6.1 (2019-07-05)
[0m[91mInstalling package(s) 'batchelor'
[0m[91malso installing the dependencies ‘RcppHNSW’, ‘rsvd’, ‘SingleCellExperiment’, ‘BiocNeighbors’, ‘BiocSingular’, ‘scater’, ‘beachmat’

[0m[91m[2019-12-05 09:58:49] 'batchelor' successfully installed.
[0m[91m[2019-12-05 09:58:49] 'destiny' will be installed.
[0m[91mBioconductor version 3.10 (BiocManager 1.30.10), R 3.6.1 (2019-07-05)
[0m[91mInstalling package(s) 'destiny'
[0m[91malso installing the dependencies ‘zip’, ‘MatrixModels’, ‘openxlsx’, ‘minqa’, ‘nloptr’, ‘carData’, ‘abind’, ‘pbkrtest’, ‘quantreg’, ‘maptools’, ‘rio’, ‘lme4’, ‘lmtest’, ‘xts’, ‘zoo’, ‘car’, ‘vcd’, ‘laeken’, ‘ranger’, ‘TTR’, ‘pcaMethods’, ‘ggplot.multistats’, ‘ggthemes’, ‘VIM’, ‘knn.covertree’, ‘proxy’, ‘smoother’, ‘scatterplot3d’

[0m[91m[2019-12-05 10:04:30] 'destiny' successfully installed.
[0m[91m[2019-12-05 10:04:30] 'cellranger' already installed.
[0m[91m[2019-12-05 10:04:30] 'diffusionMap' will be installed.
[0m[91mBioconductor version 3.10 (BiocManager 1.30.10), R 3.6.1 (2019-07-05)
[0m[91mInstalling package(s) 'diffusionMap'
[0m[91m[2019-12-05 10:04:35] 'diffusionMap' successfully installed.
[0m[91m[2019-12-05 10:04:36] 'DropletUtils' will be installed.
[0m[91mBioconductor version 3.10 (BiocManager 1.30.10), R 3.6.1 (2019-07-05)
[0m[91mInstalling package(s) 'DropletUtils'
[0m[91m[2019-12-05 10:05:40] 'DropletUtils' successfully installed.
[0m[91m[2019-12-05 10:05:40] 'MetaNeighbor' will be installed.
[0m[91mBioconductor version 3.10 (BiocManager 1.30.10), R 3.6.1 (2019-07-05)
[0m[91mInstalling package(s) 'MetaNeighbor'
[0m[91malso installing the dependency ‘beanplot’

[0m[91m[2019-12-05 10:05:58] 'MetaNeighbor' successfully installed.
[0m[91m[2019-12-05 10:05:58] 'monocle' will be installed.
[0m[91mBioconductor version 3.10 (BiocManager 1.30.10), R 3.6.1 (2019-07-05)
[0m[91mInstalling package(s) 'monocle'
[0m[91malso installing the dependencies ‘sparsesvd’, ‘VGAM’, ‘DDRTree’, ‘HSMMSingleCell’, ‘qlcMatrix’, ‘slam’, ‘biocViews’, ‘RANN’

[0m[91m[2019-12-05 10:08:09] 'monocle' successfully installed.
[0m[91m[2019-12-05 10:08:10] 'phateR' will be installed.
[0m[91mBioconductor version 3.10 (BiocManager 1.30.10), R 3.6.1 (2019-07-05)
[0m[91mInstalling package(s) 'phateR'
[0m[91m[2019-12-05 10:08:17] 'phateR' successfully installed.
[0m[91m[2019-12-05 10:08:18] 'Seurat' will be installed.
[0m[91mBioconductor version 3.10 (BiocManager 1.30.10), R 3.6.1 (2019-07-05)
[0m[91mInstalling package(s) 'Seurat'
[0m[91malso installing the dependencies ‘lsei’, ‘bibtex’, ‘gbRd’, ‘npsurv’, ‘Rdpack’, ‘fitdistrplus’, ‘ica’, ‘leiden’, ‘metap’, ‘pbapply’, ‘ROCR’, ‘sctransform’, ‘SDMTools’

[0m[91m[2019-12-05 10:09:59] 'Seurat' successfully installed.
[0m[91m[2019-12-05 10:09:59] 'SC3' will be installed.
[0m[91mBioconductor version 3.10 (BiocManager 1.30.10), R 3.6.1 (2019-07-05)
Installing package(s) 'SC3'
[0m[91malso installing the dependencies ‘registry’, ‘rngtools’, ‘pkgmaker’, ‘doParallel’, ‘doRNG’, ‘WriteXLS’

[0m[91m[2019-12-05 10:10:47] 'SC3' successfully installed.
[0m[91m[2019-12-05 10:10:48] 'scater' already installed.
[0m[91m[2019-12-05 10:10:48] 'scde' will be installed.
[0m[91mBioconductor version 3.10 (BiocManager 1.30.10), R 3.6.1 (2019-07-05)
[0m[91mInstalling package(s) 'scde'
[0m[91malso installing the dependencies ‘modeltools’, ‘Lmoments’, ‘distillery’, ‘flexmix’, ‘Rook’, ‘Cairo’, ‘RMTstat’, ‘extRemes’

[0m[91m[2019-12-05 10:12:15] 'scde' successfully installed.
[0m[91m[2019-12-05 10:12:15] 'scMerge' will be installed.
[0m[91mBioconductor version 3.10 (BiocManager 1.30.10), R 3.6.1 (2019-07-05)
[0m[91mInstalling package(s) 'scMerge'
[0m[91malso installing the dependencies ‘startupmsg’, ‘sfsmisc’, ‘numDeriv’, ‘bbmle’, ‘statmod’, ‘reldist’, ‘distr’, ‘M3Drop’, ‘pdist’, ‘ruv’

[0m[91m[2019-12-05 10:13:42] 'scMerge' successfully installed.
[0m[91m[2019-12-05 10:13:42] 'scran' will be installed.
[0m[91mBioconductor version 3.10 (BiocManager 1.30.10), R 3.6.1 (2019-07-05)
[0m[91mInstalling package(s) 'scran'
[0m[91m[2019-12-05 10:15:53] 'scran' successfully installed.
[0m[91m[2019-12-05 10:15:53] 'sctransform' already installed.
[0m[91m[2019-12-05 10:15:53] 'SingleR' will be installed.
[0m[91mBioconductor version 3.10 (BiocManager 1.30.10), R 3.6.1 (2019-07-05)
[0m[91mInstalling package(s) 'SingleR'
[0m[91malso installing the dependencies ‘interactiveDisplayBase’, ‘AnnotationHub’, ‘ExperimentHub’

[0m[91m[2019-12-05 10:16:47] 'SingleR' successfully installed.
[0m[91m[2019-12-05 10:16:47] 'slingshot' will be installed.
[0m[91mBioconductor version 3.10 (BiocManager 1.30.10), R 3.6.1 (2019-07-05)
[0m[91mInstalling package(s) 'slingshot'
[0m[91malso installing the dependency ‘princurve’

[0m[91m[2019-12-05 10:17:12] 'slingshot' successfully installed.
[0m[91m[2019-12-05 10:17:12] 'cole-trapnell-lab/garnett' will be installed.
[0m[91mBioconductor version 3.10 (BiocManager 1.30.10), R 3.6.1 (2019-07-05)
[0m[91mInstalling github package(s) 'cole-trapnell-lab/garnett'
[0m[91mInstalling 2 packages: glmnet, rly
[0m[91m[2019-12-05 10:17:59] 'cole-trapnell-lab/garnett' successfully installed.
[0m[91m[2019-12-05 10:18:00] 'cole-trapnell-lab/monocle3' will be installed.
[0m[91mBioconductor version 3.10 (BiocManager 1.30.10), R 3.6.1 (2019-07-05)
[0m[91mInstalling github package(s) 'cole-trapnell-lab/monocle3'
[0m[91mInstalling 15 packages: grr, Matrix.utils, pbmcapply, pscl, rsample, RhpcBLASctl, spdep, speedglm, furrr, spData, deldir, LearnBayes, coda, expm, gmodels
[0m[91m[2019-12-05 10:21:54] 'cole-trapnell-lab/monocle3' successfully installed.
[0m[91m[2019-12-05 10:21:54] 'ggjlab/scMCA' will be installed.
[0m[91mBioconductor version 3.10 (BiocManager 1.30.10), R 3.6.1 (2019-07-05)
[0m[91mInstalling github package(s) 'ggjlab/scMCA'
[0m[91m[2019-12-05 10:22:13] 'ggjlab/scMCA' successfully installed.
[0m[91m[2019-12-05 10:22:13] 'velocyto-team/velocyto.R' will be installed.
[0m[91mBioconductor version 3.10 (BiocManager 1.30.10), R 3.6.1 (2019-07-05)
[0m[91mInstalling github package(s) 'velocyto-team/velocyto.R'
[0m[91m[2019-12-05 10:22:43] 'velocyto-team/velocyto.R' successfully installed.
[0m[91m[2019-12-05 10:22:43] 'BUStools/BUSpaRse' will be installed.
[0m[91mBioconductor version 3.10 (BiocManager 1.30.10), R 3.6.1 (2019-07-05)
[0m[91mInstalling github package(s) 'BUStools/BUSpaRse'
[0m[91mInstalling 1 packages: plyranges
[0m[91mOld packages: 'BUSpaRse'
[0m[91mtrying URL 'https://bioconductor.org/packages/3.10/bioc/src/contrib/BUSpaRse_1.0.0.tar.gz'
[0m[91mContent type 'application/x-gzip' length 616107 bytes (601 KB)
[0m[91m=[0m[91m=[0m[91m=[0m[91m=[0m[91m=[0m[91m=[0m[91m=[0m[91m==[0m[91m=[0m[91m=[0m[91m==[0m[91m=[0m[91m=[0m[91m==[0m[91m=[0m[91m=[0m[91m=[0m[91m=[0m[91m=[0m[91m==[0m[91m=[0m[91m=[0m[91m=[0m[91m=[0m[91m=[0m[91m=[0m[91m=[0m[91m==[0m[91m=[0m[91m=[0m[91m=[0m[91m==[0m[91m=[0m[91m=[0m[91m==[0m[91m=[0m[91m=[0m[91m=[0m[91m=[0m[91m=[0m[91m=[0m[91m=[0m[91m=[0m[91m
[0m[91mdownloaded 601 KB

[0m[91m* installing *source* package ‘BUSpaRse’ ...
[0m[91m** using staged installation
[0m[91m** libs
[0mg++ -std=gnu++11 -I"/usr/local/lib/R/include" -DNDEBUG  -I"/usr/local/lib/R/site-library/Rcpp/include" -I"/usr/local/lib/R/site-library/RcppArmadillo/include" -I"/usr/local/lib/R/site-library/RcppProgress/include" -I"/usr/local/lib/R/site-library/BH/include" -I"/usr/local/lib/R/site-library/RcppParallel/include" -I/usr/local/include -fopenmp  -fpic  -g -O2 -fstack-protector-strong -Wformat -Werror=format-security -Wdate-time -D_FORTIFY_SOURCE=2 -g  -c RcppExports.cpp -o RcppExports.o
g++ -std=gnu++11 -I"/usr/local/lib/R/include" -DNDEBUG  -I"/usr/local/lib/R/site-library/Rcpp/include" -I"/usr/local/lib/R/site-library/RcppArmadillo/include" -I"/usr/local/lib/R/site-library/RcppProgress/include" -I"/usr/local/lib/R/site-library/BH/include" -I"/usr/local/lib/R/site-library/RcppParallel/include" -I/usr/local/include -fopenmp  -fpic  -g -O2 -fstack-protector-strong -Wformat -Werror=format-security -Wdate-time -D_FORTIFY_SOURCE=2 -g  -c fill_cell_gene.cpp -o fill_cell_gene.o
g++ -std=gnu++11 -shared -L/usr/local/lib/R/lib -L/usr/local/lib -o BUSpaRse.so RcppExports.o fill_cell_gene.o -fopenmp -L/usr/local/lib/R/lib -lRlapack -lopenblas -lgfortran -lm -lquadmath -L/usr/local/lib/R/lib -lR
[91minstalling to /usr/local/lib/R/site-library/00LOCK-BUSpaRse/00new/BUSpaRse/libs
[0m[91m** R
[0m[91m** inst
[0m[91m** byte-compile and prepare package for lazy loading
[0m[91m** help
[0m[91m*** installing help indices
[0m[91m** building package indices
[0m[91m** installing vignettes
[0m[91m** testing if installed package can be loaded from temporary location
[0m[91m** checking absolute paths in shared objects and dynamic libraries
[0m[91m** testing if installed package can be loaded from final location
[0m[91m** testing if installed package keeps a record of temporary installation path
[0m[91m* DONE (BUSpaRse)
[0m[91m
[0m[91mThe downloaded source packages are in
	‘/tmp/Rtmpp7lDY8/downloaded_packages’[0m[91m
[0m[91m[2019-12-05 10:24:29] 'BUStools/BUSpaRse' successfully installed.
[0m[91mInstalling 8 packages: mixtools, lars, fpc, dtw, doSNOW, segmented, prabclus, diptest
[0mRemoving intermediate container e6eddfb8c550
 ---> 811b3098e8ea
Step 20/20 : RUN Rscript /docker/docker_containers-master/Rstudio/packages_single_cell_experimental.R
 ---> Running in 4ef7e6ad02ce
[91mBioconductor version 3.10 (BiocManager 1.30.10), R 3.6.1 (2019-07-05)
[0m[91mInstalling package(s) 'plot3D'
[0m[91malso installing the dependency ‘misc3d’

[0m[91mBioconductor version 3.10 (BiocManager 1.30.10), R 3.6.1 (2019-07-05)
[0m[91mInstalling github package(s) 'r3fang/SnapATAC'
[0m[91mInstalling 3 packages: raster, bigmemory, bigmemory.sri
[0m[91mBioconductor version 3.10 (BiocManager 1.30.10), R 3.6.1 (2019-07-05)
[0m[91mInstalling github package(s) 'aertslab/cisTopic'
[0m[91mInstalling 4 packages: lda, AUCell, RcisTarget, feather
[0m[91mBioconductor version 3.10 (BiocManager 1.30.10), R 3.6.1 (2019-07-05)
[0m[91mInstalling github package(s) 'satijalab/seurat-wrappers'
[0m[91mBioconductor version 3.10 (BiocManager 1.30.10), R 3.6.1 (2019-07-05)
[0m[91mInstalling github package(s) 'romanhaa/cerebroApp'
[0m[91mInstalling 6 packages: formattable, ggtree, GSVA, shinyWidgets, tidytree, treeio
[0m[91mBioconductor version 3.10 (BiocManager 1.30.10), R 3.6.1 (2019-07-05)
[0m[91mInstalling package(s) 'metacell'
[0m[91malso installing the dependencies ‘doMC’, ‘RSvgDevice’, ‘dbscan’, ‘entropy’, ‘tgconfig’, ‘tgutil’, ‘tgstat’

[0m[91mBioconductor version 3.10 (BiocManager 1.30.10), R 3.6.1 (2019-07-05)
[0m[91mInstalling package(s) 'itertools'
[0m[91mBioconductor version 3.10 (BiocManager 1.30.10), R 3.6.1 (2019-07-05)
[0m[91mInstalling github package(s) 'mojaveazure/loomR'
[0mCreating virtual environment '~/.virtualenvs/r-reticulate' ...
Using python: /miniconda3/bin/python3.7
Collecting pip
  Downloading https://files.pythonhosted.org/packages/00/b6/9cfa56b4081ad13874b0c6f96af8ce16cfbc1cb06bedf8e9164ce5551ec1/pip-19.3.1-py2.py3-none-any.whl (1.4MB)
Collecting wheel
  Downloading https://files.pythonhosted.org/packages/00/83/b4a77d044e78ad1a45610eb88f745be2fd2c6d658f9798a15e384b7d57c9/wheel-0.33.6-py2.py3-none-any.whl
Collecting setuptools
  Downloading https://files.pythonhosted.org/packages/54/28/c45d8b54c1339f9644b87663945e54a8503cfef59cf0f65b3ff5dd17cf64/setuptools-42.0.2-py2.py3-none-any.whl (583kB)
Installing collected packages: pip, wheel, setuptools
Successfully installed pip-19.3.1 setuptools-42.0.2 wheel-0.33.6
Using virtual environment '~/.virtualenvs/r-reticulate' ...
Collecting tensorflow==2.0.0
  Using cached https://files.pythonhosted.org/packages/2a/5c/f1d66de5dde6f3ff528f6ea1fd0757a0e594d17debb3ec7f82daa967ea9a/tensorflow-2.0.0-cp37-cp37m-manylinux2010_x86_64.whl
Collecting tensorflow-probability
  Downloading https://files.pythonhosted.org/packages/f8/72/29ef1e5f386b65544d4e7002dfeca1e55b099ed182cd6d405c21a19ae259/tensorflow_probability-0.8.0-py2.py3-none-any.whl (2.5MB)
Collecting keras-preprocessing>=1.0.5
  Using cached https://files.pythonhosted.org/packages/28/6a/8c1f62c37212d9fc441a7e26736df51ce6f0e38455816445471f10da4f0a/Keras_Preprocessing-1.1.0-py2.py3-none-any.whl
Collecting astor>=0.6.0
  Using cached https://files.pythonhosted.org/packages/d1/4f/950dfae467b384fc96bc6469de25d832534f6b4441033c39f914efd13418/astor-0.8.0-py2.py3-none-any.whl
Collecting six>=1.10.0
  Downloading https://files.pythonhosted.org/packages/65/26/32b8464df2a97e6dd1b656ed26b2c194606c16fe163c695a992b36c11cdf/six-1.13.0-py2.py3-none-any.whl
Collecting protobuf>=3.6.1
  Using cached https://files.pythonhosted.org/packages/c8/bd/9609c681f655c4b85f4e4f4c99d42b68bca63ad8891c6924ba6696dee0bb/protobuf-3.11.1-cp37-cp37m-manylinux1_x86_64.whl
Collecting tensorflow-estimator<2.1.0,>=2.0.0
  Using cached https://files.pythonhosted.org/packages/fc/08/8b927337b7019c374719145d1dceba21a8bb909b93b1ad6f8fb7d22c1ca1/tensorflow_estimator-2.0.1-py2.py3-none-any.whl
Processing /root/.cache/pip/wheels/7c/06/54/bc84598ba1daf8f970247f550b175aaaee85f68b4b0c5ab2c6/termcolor-1.1.0-cp37-none-any.whl
Collecting keras-applications>=1.0.8
  Using cached https://files.pythonhosted.org/packages/71/e3/19762fdfc62877ae9102edf6342d71b28fbfd9dea3d2f96a882ce099b03f/Keras_Applications-1.0.8-py3-none-any.whl
Processing /root/.cache/pip/wheels/a7/15/a0/0a0561549ad11cdc1bc8fa1191a353efd30facf6bfb507aefc/absl_py-0.8.1-cp37-none-any.whl
Collecting google-pasta>=0.1.6
  Using cached https://files.pythonhosted.org/packages/c3/fd/1e86bc4837cc9a3a5faf3db9b1854aa04ad35b5f381f9648fbe81a6f94e4/google_pasta-0.1.8-py3-none-any.whl
Collecting tensorboard<2.1.0,>=2.0.0
  Using cached https://files.pythonhosted.org/packages/76/54/99b9d5d52d5cb732f099baaaf7740403e83fe6b0cedde940fabd2b13d75a/tensorboard-2.0.2-py3-none-any.whl
Processing /root/.cache/pip/wheels/2c/b1/94/43d03e130b929aae7ba3f8d15cbd7bc0d1cb5bb38a5c721833/opt_einsum-3.1.0-cp37-none-any.whl
Collecting wheel>=0.26
  Using cached https://files.pythonhosted.org/packages/00/83/b4a77d044e78ad1a45610eb88f745be2fd2c6d658f9798a15e384b7d57c9/wheel-0.33.6-py2.py3-none-any.whl
Collecting grpcio>=1.8.6
  Using cached https://files.pythonhosted.org/packages/b5/68/070ee7609b452e950bd5af35f7161f0ceb0abd61cf16ff3b23c852d4594b/grpcio-1.25.0-cp37-cp37m-manylinux2010_x86_64.whl
Collecting numpy<2.0,>=1.16.0
  Downloading https://files.pythonhosted.org/packages/9b/af/4fc72f9d38e43b092e91e5b8cb9956d25b2e3ff8c75aed95df5569e4734e/numpy-1.17.4-cp37-cp37m-manylinux1_x86_64.whl (20.0MB)
Processing /root/.cache/pip/wheels/d7/de/2e/efa132238792efb6459a96e85916ef8597fcb3d2ae51590dfd/wrapt-1.11.2-cp37-cp37m-linux_x86_64.whl
Processing /root/.cache/pip/wheels/5c/2e/7e/a1d4d4fcebe6c381f378ce7743a3ced3699feb89bcfbdadadd/gast-0.2.2-cp37-none-any.whl
Collecting cloudpickle==1.1.1
  Downloading https://files.pythonhosted.org/packages/24/fb/4f92f8c0f40a0d728b4f3d5ec5ff84353e705d8ff5e3e447620ea98b06bd/cloudpickle-1.1.1-py2.py3-none-any.whl
Collecting decorator
  Using cached https://files.pythonhosted.org/packages/8f/b7/f329cfdc75f3d28d12c65980e4469e2fa373f1953f5df6e370e84ea2e875/decorator-4.4.1-py2.py3-none-any.whl
Collecting setuptools
  Using cached https://files.pythonhosted.org/packages/54/28/c45d8b54c1339f9644b87663945e54a8503cfef59cf0f65b3ff5dd17cf64/setuptools-42.0.2-py2.py3-none-any.whl
Collecting h5py
  Using cached https://files.pythonhosted.org/packages/3f/c0/abde58b837e066bca19a3f7332d9d0493521d7dd6b48248451a9e3fe2214/h5py-2.10.0-cp37-cp37m-manylinux1_x86_64.whl
Collecting google-auth<2,>=1.6.3
  Using cached https://files.pythonhosted.org/packages/7b/cb/786dc53d93494784935a62947643b48250b84a882474e714f9af5e1a1928/google_auth-1.7.1-py2.py3-none-any.whl
Collecting google-auth-oauthlib<0.5,>=0.4.1
  Using cached https://files.pythonhosted.org/packages/7b/b8/88def36e74bee9fce511c9519571f4e485e890093ab7442284f4ffaef60b/google_auth_oauthlib-0.4.1-py2.py3-none-any.whl
Collecting requests<3,>=2.21.0
  Downloading https://files.pythonhosted.org/packages/51/bd/23c926cd341ea6b7dd0b2a00aba99ae0f828be89d72b2190f27c11d4b7fb/requests-2.22.0-py2.py3-none-any.whl (57kB)
Collecting werkzeug>=0.11.15
  Using cached https://files.pythonhosted.org/packages/ce/42/3aeda98f96e85fd26180534d36570e4d18108d62ae36f87694b476b83d6f/Werkzeug-0.16.0-py2.py3-none-any.whl
Collecting markdown>=2.6.8
  Using cached https://files.pythonhosted.org/packages/c0/4e/fd492e91abdc2d2fcb70ef453064d980688762079397f779758e055f6575/Markdown-3.1.1-py2.py3-none-any.whl
Collecting cachetools<3.2,>=2.0.0
  Using cached https://files.pythonhosted.org/packages/2f/a6/30b0a0bef12283e83e58c1d6e7b5aabc7acfc4110df81a4471655d33e704/cachetools-3.1.1-py2.py3-none-any.whl
Collecting pyasn1-modules>=0.2.1
  Using cached https://files.pythonhosted.org/packages/52/50/bb4cefca37da63a0c52218ba2cb1b1c36110d84dcbae8aa48cd67c5e95c2/pyasn1_modules-0.2.7-py2.py3-none-any.whl
Collecting rsa<4.1,>=3.1.4
  Using cached https://files.pythonhosted.org/packages/02/e5/38518af393f7c214357079ce67a317307936896e961e35450b70fad2a9cf/rsa-4.0-py2.py3-none-any.whl
Collecting requests-oauthlib>=0.7.0
  Using cached https://files.pythonhosted.org/packages/a3/12/b92740d845ab62ea4edf04d2f4164d82532b5a0b03836d4d4e71c6f3d379/requests_oauthlib-1.3.0-py2.py3-none-any.whl
Collecting certifi>=2017.4.17
  Downloading https://files.pythonhosted.org/packages/b9/63/df50cac98ea0d5b006c55a399c3bf1db9da7b5a24de7890bc9cfd5dd9e99/certifi-2019.11.28-py2.py3-none-any.whl (156kB)
Collecting chardet<3.1.0,>=3.0.2
  Downloading https://files.pythonhosted.org/packages/bc/a9/01ffebfb562e4274b6487b4bb1ddec7ca55ec7510b22e4c51f14098443b8/chardet-3.0.4-py2.py3-none-any.whl (133kB)
Collecting urllib3!=1.25.0,!=1.25.1,<1.26,>=1.21.1
  Downloading https://files.pythonhosted.org/packages/b4/40/a9837291310ee1ccc242ceb6ebfd9eb21539649f193a7c8c86ba15b98539/urllib3-1.25.7-py2.py3-none-any.whl (125kB)
Collecting idna<2.9,>=2.5
  Downloading https://files.pythonhosted.org/packages/14/2c/cd551d81dbe15200be1cf41cd03869a46fe7226e7450af7a6545bfc474c9/idna-2.8-py2.py3-none-any.whl (58kB)
Collecting pyasn1<0.5.0,>=0.4.6
  Using cached https://files.pythonhosted.org/packages/62/1e/a94a8d635fa3ce4cfc7f506003548d0a2447ae76fd5ca53932970fe3053f/pyasn1-0.4.8-py2.py3-none-any.whl
Collecting oauthlib>=3.0.0
  Using cached https://files.pythonhosted.org/packages/05/57/ce2e7a8fa7c0afb54a0581b14a65b56e62b5759dbc98e80627142b8a3704/oauthlib-3.1.0-py2.py3-none-any.whl
Installing collected packages: six, numpy, keras-preprocessing, astor, setuptools, protobuf, tensorflow-estimator, termcolor, h5py, keras-applications, absl-py, google-pasta, cachetools, pyasn1, pyasn1-modules, rsa, google-auth, certifi, chardet, urllib3, idna, requests, oauthlib, requests-oauthlib, google-auth-oauthlib, werkzeug, wheel, grpcio, markdown, tensorboard, opt-einsum, wrapt, gast, tensorflow, cloudpickle, decorator, tensorflow-probability
Successfully installed absl-py-0.8.1 astor-0.8.0 cachetools-3.1.1 certifi-2019.11.28 chardet-3.0.4 cloudpickle-1.1.1 decorator-4.4.1 gast-0.2.2 google-auth-1.7.1 google-auth-oauthlib-0.4.1 google-pasta-0.1.8 grpcio-1.25.0 h5py-2.10.0 idna-2.8 keras-applications-1.0.8 keras-preprocessing-1.1.0 markdown-3.1.1 numpy-1.17.4 oauthlib-3.1.0 opt-einsum-3.1.0 protobuf-3.11.1 pyasn1-0.4.8 pyasn1-modules-0.2.7 requests-2.22.0 requests-oauthlib-1.3.0 rsa-4.0 setuptools-42.0.2 six-1.13.0 tensorboard-2.0.2 tensorflow-2.0.0 tensorflow-estimator-2.0.1 tensorflow-probability-0.8.0 termcolor-1.1.0 urllib3-1.25.7 werkzeug-0.16.0 wheel-0.33.6 wrapt-1.11.2

Installation complete.

[91mBioconductor version 3.10 (BiocManager 1.30.10), R 3.6.1 (2019-07-05)
[0m[91mInstalling github package(s) 'Irrationone/cellassign'
[0m[91mBioconductor version 3.10 (BiocManager 1.30.10), R 3.6.1 (2019-07-05)
[0m[91mInstalling package(s) 'Gviz'
[0m[91mDownloading GitHub repo cole-trapnell-lab/cicero-release@monocle3
[0mglasso (NA -> 1.10) [CRAN]
[91mSkipping 49 packages ahead of CRAN: Gviz, Biobase, BiocGenerics, data.table, GenomicRanges, igraph, IRanges, S4Vectors, VGAM, XVector, rtracklayer, biomaRt, AnnotationDbi, GenomicFeatures, BSgenome, Biostrings, biovizBase, Rsamtools, GenomicAlignments, GenomeInfoDb, digest, pkgconfig, R6, Rcpp, rlang, scales, GenomeInfoDbData, zlibbioc, SummarizedExperiment, BiocParallel, Rhtslib, DelayedArray, lambda.r, RSQLite, curl, hms, backports, ellipsis, Hmisc, VariantAnnotation, ensembldb, AnnotationFilter, ProtGenerics, htmlTable, htmltools, knitr, htmlwidgets, xfun, purrr
[0m[91mInstalling 1 packages: glasso
[0m[91mInstalling package into ‘/usr/local/lib/R/site-library’
(as ‘lib’ is unspecified)
[0m[91mtrying URL 'https://mran.microsoft.com/snapshot/2019-09-09/src/contrib/glasso_1.10.tar.gz'
[0m[91mContent type 'application/octet-stream' length 8385 bytes
==================================================
downloaded 8385 bytes

[0m[91m* installing *source* package ‘glasso’ ...
[0m[91m** package ‘glasso’ successfully unpacked and MD5 sums checked
[0m[91m** using staged installation
[0m[91m** libs
[0mgfortran  -fpic  -g -O2  -c glasso.f -o glasso.o
gcc -I"/usr/local/lib/R/include" -DNDEBUG   -I/usr/local/include  -fpic  -g -O2 -fstack-protector-strong -Wformat -Werror=format-security -Wdate-time -D_FORTIFY_SOURCE=2 -g  -c glasso_init.c -o glasso_init.o
gcc -shared -L/usr/local/lib/R/lib -L/usr/local/lib -o glasso.so glasso.o glasso_init.o -lgfortran -lm -lquadmath -L/usr/local/lib/R/lib -lR
[91minstalling to /usr/local/lib/R/site-library/00LOCK-glasso/00new/glasso/libs
[0m[91m** R
[0m[91m** byte-compile and prepare package for lazy loading
[0m[91m** help
[0m[91m*** installing help indices
[0m[91m** building package indices
[0m[91m** testing if installed package can be loaded from temporary location
[0m[91m** checking absolute paths in shared objects and dynamic libraries
[0m[91m** testing if installed package can be loaded from final location
[0m[91m** testing if installed package keeps a record of temporary installation path
[0m[91m* DONE (glasso)
[0m[91m
The downloaded source packages are in
	‘/tmp/Rtmp6NUsnb/downloaded_packages’
[0m     checking for file ‘/tmp/Rtmp6NUsnb/remotes64ad2a89a/cole-trapnell-lab-cicero-release-40f0f03/DESCRIPTION’ ...  ✔  checking for file ‘/tmp/Rtmp6NUsnb/remotes64ad2a89a/cole-trapnell-lab-cicero-release-40f0f03/DESCRIPTION’
  ─  preparing ‘cicero’:
   checking DESCRIPTION meta-information ...  ✔  checking DESCRIPTION meta-information
  ─  checking for LF line-endings in source and make files and shell scripts
  ─  checking for empty or unneeded directories
  ─  looking to see if a ‘data/datalist’ file should be added
  ─  building ‘cicero_1.3.4.3.tar.gz’
     
[91mInstalling package into ‘/usr/local/lib/R/site-library’
(as ‘lib’ is unspecified)
[0m[91m* installing *source* package ‘cicero’ ...
[0m[91m** using staged installation
[0m[91m** R
[0m[91m** data
[0m[91m** inst
[0m[91m** byte-compile and prepare package for lazy loading
[0m[91m** help
[0m[91m*** installing help indices
[0m[91m** building package indices
[0m[91m** installing vignettes
[0m[91m** testing if installed package can be loaded from temporary location
[0m[91m** testing if installed package can be loaded from final location
[0m[91m** testing if installed package keeps a record of temporary installation path
[0m[91m* DONE (cicero)
[0mRemoving intermediate container 4ef7e6ad02ce
 ---> 05ece178dc90
Successfully built 05ece178dc90
Successfully tagged romanhaa/rstudio:2019-12-05_3.6.1
